<?xml version="1.0" encoding="UTF-8"?>
<testng-results ignored="0" total="1" passed="1" failed="0" skipped="0">
  <reporter-output>
  </reporter-output>
  <suite started-at="2022-01-10T15:14:39 IST" name="Default suite" finished-at="2022-01-10T15:14:58 IST" duration-ms="18823">
    <groups>
    </groups>
    <test started-at="2022-01-10T15:14:39 IST" name="Default test" finished-at="2022-01-10T15:14:58 IST" duration-ms="18823">
      <class name="maveusingalllocators.handlingiorderlist">
        <test-method signature="selectble()[pri:0, instance:maveusingalllocators.handlingiorderlist@7690781]" started-at="2022-01-10T15:14:39 IST" name="selectble" finished-at="2022-01-10T15:14:58 IST" duration-ms="18768" status="PASS">
          <reporter-output>
          </reporter-output>
        </test-method> <!-- selectble -->
      </class> <!-- maveusingalllocators.handlingiorderlist -->
    </test> <!-- Default test -->
  </suite> <!-- Default suite -->
</testng-results>
